====== cProfile: ./utility/ias_client/cprof_ias_client.py ======

127.0.0.1 - - [03/May/2018 07:27:30] "POST /attestation/sgx/v2/report HTTP/1.1" 200 -
127.0.0.1 - - [03/May/2018 07:27:30] "GET /attestation/sgx/v2/sigrl/gid HTTP/1.1" 200 -
         13991 function calls (13588 primitive calls) in 0.167 seconds

   Ordered by: internal time

   ncalls  tottime  percall  cumtime  percall filename:lineno(function)
      165    0.034    0.000    0.034    0.000 {built-in method posix.stat}
       84    0.007    0.000    0.062    0.001 <frozen importlib._bootstrap_external>:1215(find_spec)
      458    0.006    0.000    0.010    0.000 <frozen importlib._bootstrap_external>:52(<listcomp>)
      458    0.006    0.000    0.017    0.000 <frozen importlib._bootstrap_external>:50(_path_join)
     1001    0.004    0.000    0.004    0.000 {method 'rstrip' of 'str' objects}
       38    0.004    0.000    0.004    0.000 {built-in method marshal.loads}
      559    0.002    0.000    0.002    0.000 {method 'join' of 'str' objects}
      504    0.002    0.000    0.010    0.000 {built-in method builtins.isinstance}
     50/9    0.002    0.000    0.007    0.001 abc.py:194(__subclasscheck__)
      458    0.002    0.000    0.002    0.000 <frozen importlib._bootstrap_external>:366(_verbose_message)
       76    0.002    0.000    0.008    0.000 <frozen importlib._bootstrap_external>:246(cache_from_source)
       38    0.002    0.000    0.009    0.000 <frozen importlib._bootstrap>:510(_init_module_attrs)
       38    0.002    0.000    0.070    0.002 <frozen importlib._bootstrap>:879(_find_spec)
      389    0.002    0.000    0.002    0.000 {method 'format' of 'str' objects}
       38    0.002    0.000    0.065    0.002 <frozen importlib._bootstrap_external>:1101(_get_spec)
      138    0.002    0.000    0.008    0.000 _collections_abc.py:675(__iter__)
      354    0.002    0.000    0.002    0.000 {method 'rpartition' of 'str' objects}
      334    0.002    0.000    0.002    0.000 {built-in method builtins.hasattr}
       38    0.002    0.000    0.016    0.000 <frozen importlib._bootstrap_external>:729(get_code)
  353/348    0.001    0.000    0.001    0.000 {built-in method builtins.len}
      161    0.001    0.000    0.035    0.000 <frozen importlib._bootstrap_external>:68(_path_stat)
     38/2    0.001    0.000    0.089    0.044 <frozen importlib._bootstrap>:659(_load_unlocked)
      184    0.001    0.000    0.002    0.000 os.py:800(decode)
      298    0.001    0.000    0.001    0.000 {built-in method builtins.getattr}
        3    0.001    0.000    0.001    0.000 {method 'sendall' of '_socket.socket' objects}
      108    0.001    0.000    0.004    0.000 os.py:720(__getitem__)
        6    0.001    0.000    0.001    0.000 {method 'recv_into' of '_socket.socket' objects}
     38/2    0.001    0.000    0.114    0.057 <frozen importlib._bootstrap>:966(_find_and_load)
      108    0.001    0.000    0.002    0.000 os.py:796(encode)
      280    0.001    0.000    0.001    0.000 {method 'lower' of 'str' objects}
       38    0.001    0.000    0.002    0.000 <frozen importlib._bootstrap_external>:419(_validate_bytecode_header)
     38/2    0.001    0.000    0.114    0.057 <frozen importlib._bootstrap>:939(_find_and_load_unlocked)
       38    0.001    0.000    0.002    0.000 <frozen importlib._bootstrap_external>:816(get_data)
       32    0.001    0.000    0.001    0.000 {built-in method builtins.__build_class__}
       76    0.001    0.000    0.002    0.000 <frozen importlib._bootstrap_external>:56(_path_split)
       58    0.001    0.000    0.003    0.000 _weakrefset.py:58(__iter__)
      114    0.001    0.000    0.001    0.000 <frozen importlib._bootstrap>:852(__enter__)
      114    0.001    0.000    0.001    0.000 <frozen importlib._bootstrap>:856(__exit__)
     95/6    0.001    0.000    0.061    0.010 <frozen importlib._bootstrap>:996(_handle_fromlist)
       38    0.001    0.000    0.005    0.000 <frozen importlib._bootstrap_external>:474(_compile_bytecode)
       38    0.001    0.000    0.010    0.000 <frozen importlib._bootstrap>:570(module_from_spec)
       41    0.001    0.000    0.001    0.000 {built-in method builtins.any}
      193    0.001    0.000    0.001    0.000 {method 'decode' of 'bytes' objects}
      168    0.001    0.000    0.001    0.000 _weakrefset.py:70(__contains__)
  154/152    0.001    0.000    0.001    0.000 {method 'encode' of 'str' objects}
       96    0.001    0.000    0.002    0.000 os.py:743(__iter__)
       76    0.001    0.000    0.001    0.000 <frozen importlib._bootstrap_external>:45(_r_long)
       52    0.001    0.000    0.008    0.000 abc.py:178(__instancecheck__)
       38    0.001    0.000    0.003    0.000 <frozen importlib._bootstrap>:163(__enter__)
       16    0.001    0.000    0.009    0.001 _collections_abc.py:756(update)
        4    0.001    0.000    0.008    0.002 request.py:2399(getproxies_environment)
      152    0.001    0.000    0.001    0.000 <frozen importlib._bootstrap>:324(<genexpr>)
       48    0.001    0.000    0.001    0.000 _weakrefset.py:26(__exit__)
       38    0.001    0.000    0.001    0.000 {method 'read' of '_io.FileIO' objects}
       60    0.001    0.000    0.001    0.000 parse.py:100(_coerce_args)
      157    0.001    0.000    0.001    0.000 {method 'append' of 'list' objects}
       38    0.001    0.000    0.002    0.000 <frozen importlib._bootstrap>:321(__exit__)
      152    0.001    0.000    0.001    0.000 {built-in method _imp.release_lock}
       24    0.001    0.000    0.002    0.000 queue.py:147(get)
     38/2    0.001    0.000    0.088    0.044 <frozen importlib._bootstrap_external>:659(exec_module)
       12    0.001    0.000    0.001    0.000 client.py:1061(putheader)
       22    0.001    0.000    0.001    0.000 message.py:463(get)
       22    0.001    0.000    0.002    0.000 queue.py:115(put)
       38    0.001    0.000    0.001    0.000 <frozen importlib._bootstrap_external>:1210(_get_spec)
       38    0.001    0.000    0.005    0.000 <frozen importlib._bootstrap_external>:342(_get_cached)
       24    0.001    0.000    0.001    0.000 parse.py:321(urlsplit)
       76    0.001    0.000    0.005    0.000 <frozen importlib._bootstrap>:406(cached)
       38    0.001    0.000    0.001    0.000 <frozen importlib._bootstrap>:74(__init__)
       38    0.000    0.000    0.001    0.000 <frozen importlib._bootstrap_external>:513(spec_from_file_location)
       22    0.000    0.000    0.002    0.000 parse.py:288(urlparse)
       38    0.000    0.000    0.001    0.000 <frozen importlib._bootstrap>:119(release)
      114    0.000    0.000    0.000    0.000 {built-in method _imp.acquire_lock}
       38    0.000    0.000    0.001    0.000 <frozen importlib._bootstrap>:176(_get_module_lock)
       50    0.000    0.000    0.001    0.000 _weakrefset.py:81(add)
       48    0.000    0.000    0.001    0.000 _weakrefset.py:20(__enter__)
     40/2    0.000    0.000    0.089    0.045 <frozen importlib._bootstrap>:214(_call_with_frames_removed)
       86    0.000    0.000    0.001    0.000 <frozen importlib._bootstrap_external>:1064(_path_importer_cache)
       44    0.000    0.000    0.001    0.000 threading.py:332(notify)
       38    0.000    0.000    0.001    0.000 <frozen importlib._bootstrap>:170(__exit__)
     38/2    0.000    0.000    0.087    0.044 {built-in method builtins.exec}
       38    0.000    0.000    0.001    0.000 <frozen importlib._bootstrap>:94(acquire)
       98    0.000    0.000    0.000    0.000 {method 'add' of 'set' objects}
    51/13    0.000    0.000    0.006    0.000 {built-in method builtins.issubclass}
       41    0.000    0.000    0.001    0.000 structures.py:48(__setitem__)
       46    0.000    0.000    0.001    0.000 threading.py:237(__enter__)
       46    0.000    0.000    0.001    0.000 threading.py:240(__exit__)
       46    0.000    0.000    0.001    0.000 queue.py:239(_qsize)
       38    0.000    0.000    0.001    0.000 <frozen importlib._bootstrap_external>:826(path_stats)
       38    0.000    0.000    0.001    0.000 <frozen importlib._bootstrap_external>:382(_check_name_wrapper)
       84    0.000    0.000    0.000    0.000 <frozen importlib._bootstrap_external>:34(_relax_case)
       44    0.000    0.000    0.001    0.000 threading.py:252(_is_owned)
       38    0.000    0.000    0.065    0.002 <frozen importlib._bootstrap_external>:1133(find_spec)
       78    0.000    0.000    0.000    0.000 {built-in method _thread.allocate_lock}
       41    0.000    0.000    0.001    0.000 structures.py:53(__getitem__)
       39    0.000    0.000    0.001    0.000 <frozen importlib._bootstrap_external>:78(_path_is_mode_type)
       38    0.000    0.000    0.001    0.000 <frozen importlib._bootstrap>:419(parent)
       38    0.000    0.000    0.001    0.000 <frozen importlib._bootstrap_external>:87(_path_isfile)
       76    0.000    0.000    0.000    0.000 {built-in method from_bytes}
      4/2    0.000    0.000    0.001    0.001 sre_parse.py:491(_parse)
       38    0.000    0.000    0.001    0.000 <frozen importlib._bootstrap>:789(find_spec)
       76    0.000    0.000    0.000    0.000 {built-in method _thread.get_ident}
        2    0.000    0.000    0.000    0.000 {method 'connect' of '_socket.socket' objects}
       14    0.000    0.000    0.001    0.000 utils.py:173(to_key_val_list)
        4    0.000    0.000    0.002    0.000 feedparser.py:217(_parsegen)
       14    0.000    0.000    0.004    0.000 sessions.py:42(merge_setting)
        2    0.000    0.000    0.003    0.001 client.py:194(parse_headers)
       54    0.000    0.000    0.000    0.000 structures.py:60(<genexpr>)
        2    0.000    0.000    0.005    0.002 client.py:1132(_send_request)
       38    0.000    0.000    0.000    0.000 <frozen importlib._bootstrap>:35(_new_module)
       60    0.000    0.000    0.000    0.000 parse.py:89(_noop)
        2    0.000    0.000    0.011    0.005 connectionpool.py:322(_make_request)
       48    0.000    0.000    0.000    0.000 _weakrefset.py:16(__init__)
       48    0.000    0.000    0.000    0.000 {method 'remove' of 'set' objects}
       38    0.000    0.000    0.000    0.000 {built-in method _imp.is_frozen}
       48    0.000    0.000    0.000    0.000 _weakrefset.py:52(_commit_removals)
        3    0.000    0.000    0.000    0.000 sre_compile.py:248(_optimize_charset)
       48    0.000    0.000    0.000    0.000 {method 'get' of 'dict' objects}
       38    0.000    0.000    0.000    0.000 <frozen importlib._bootstrap>:314(__enter__)
       49    0.000    0.000    0.000    0.000 _collections_abc.py:308(__subclasshook__)
       38    0.000    0.000    0.000    0.000 <frozen importlib._bootstrap>:372(__init__)
      5/2    0.000    0.000    0.001    0.000 sre_compile.py:64(_compile)
       46    0.000    0.000    0.000    0.000 {method '__subclasses__' of 'type' objects}
       38    0.000    0.000    0.000    0.000 <frozen importlib._bootstrap_external>:786(__init__)
       11    0.000    0.000    0.000    0.000 feedparser.py:128(__next__)
       42    0.000    0.000    0.000    0.000 {method 'endswith' of 'str' objects}
       38    0.000    0.000    0.000    0.000 <frozen importlib._bootstrap>:225(_verbose_message)
        6    0.000    0.000    0.001    0.000 cookies.py:448(cookiejar_from_dict)
       22    0.000    0.000    0.000    0.000 queue.py:245(_get)
       46    0.000    0.000    0.000    0.000 {method '__enter__' of '_thread.lock' objects}
       38    0.000    0.000    0.000    0.000 <frozen importlib._bootstrap>:159(__init__)
        2    0.000    0.000    0.025    0.012 sessions.py:542(send)
       36    0.000    0.000    0.000    0.000 {built-in method builtins.setattr}
       22    0.000    0.000    0.000    0.000 <string>:12(__new__)
       19    0.000    0.000    0.001    0.000 _collections_abc.py:592(get)
       38    0.000    0.000    0.000    0.000 <frozen importlib._bootstrap>:310(__init__)
       44    0.000    0.000    0.000    0.000 {method 'acquire' of '_thread.lock' objects}
       38    0.000    0.000    0.000    0.000 {built-in method _imp._fix_co_filename}
       46    0.000    0.000    0.000    0.000 {method '__exit__' of '_thread.lock' objects}
       38    0.000    0.000    0.000    0.000 <frozen importlib._bootstrap_external>:656(create_module)
        4    0.000    0.000    0.001    0.000 posixpath.py:221(expanduser)
        2    0.000    0.000    0.002    0.001 connectionpool.py:162(__init__)
       37    0.000    0.000    0.000    0.000 {method 'find' of 'str' objects}
       22    0.000    0.000    0.000    0.000 queue.py:242(_put)
        2    0.000    0.000    0.001    0.001 parse.py:407(urljoin)
       38    0.000    0.000    0.000    0.000 <frozen importlib._bootstrap>:190(cb)
        4    0.000    0.000    0.002    0.000 response.py:263(read)
        2    0.000    0.000    0.064    0.032 sessions.py:352(prepare_request)
       38    0.000    0.000    0.000    0.000 <frozen importlib._bootstrap>:427(has_location)
       38    0.000    0.000    0.000    0.000 <frozen importlib._bootstrap_external>:811(get_filename)
        4    0.000    0.000    0.000    0.000 idna.py:147(encode)
       38    0.000    0.000    0.000    0.000 <frozen importlib._bootstrap>:716(find_spec)
        8    0.000    0.000    0.000    0.000 timeout.py:96(__init__)
       12    0.000    0.000    0.000    0.000 cookiejar.py:1200(vals_sorted_by_key)
        8    0.000    0.000    0.000    0.000 message.py:498(get_all)
        5    0.000    0.000    0.000    0.000 _policybase.py:289(header_source_parse)
        2    0.000    0.000    0.005    0.003 client.py:290(begin)
       14    0.000    0.000    0.001    0.000 _collections_abc.py:599(__contains__)
       14    0.000    0.000    0.000    0.000 client.py:917(_output)
       16    0.000    0.000    0.000    0.000 _collections_abc.py:611(items)
        2    0.000    0.000    0.001    0.000 sre_compile.py:412(_compile_info)
        2    0.000    0.000    0.016    0.008 connectionpool.py:437(urlopen)
        4    0.000    0.000    0.001    0.000 cookiejar.py:1657(extract_cookies)
       29    0.000    0.000    0.000    0.000 {method 'split' of 'str' objects}
        8    0.000    0.000    0.001    0.000 message.py:565(get_content_type)
       30    0.000    0.000    0.000    0.000 {method 'startswith' of 'str' objects}
       12    0.000    0.000    0.009    0.001 structures.py:42(__init__)
        1    0.000    0.000    0.034    0.034 mbcsgroupprober.py:30(<module>)
      3/2    0.000    0.000    0.001    0.001 sre_parse.py:429(_parse_sub)
        8    0.000    0.000    0.000    0.000 cookiejar.py:1239(__init__)
       31    0.000    0.000    0.000    0.000 {built-in method __new__ of type object at 0xa3ee00}
        1    0.000    0.000    0.014    0.014 sbcsgroupprober.py:29(<module>)
       34    0.000    0.000    0.000    0.000 {method 'items' of 'dict' objects}
       11    0.000    0.000    0.000    0.000 _collections.py:150(__getitem__)
        4    0.000    0.000    0.000    0.000 url.py:123(parse_url)
       15    0.000    0.000    0.000    0.000 sre_parse.py:247(get)
        6    0.000    0.000    0.001    0.000 socket.py:561(readinto)
        2    0.000    0.000    0.000    0.000 client.py:1134(<listcomp>)
        2    0.000    0.000    0.000    0.000 feedparser.py:470(_parse_headers)
       24    0.000    0.000    0.000    0.000 {method 'pop' of 'list' objects}
        2    0.000    0.000    0.002    0.001 connectionpool.py:402(close)
       24    0.000    0.000    0.000    0.000 timeout.py:106(_validate_timeout)
        2    0.000    0.000    0.001    0.001 models.py:324(prepare_url)
       10    0.000    0.000    0.000    0.000 models.py:405(<genexpr>)
        1    0.000    0.000    0.009    0.009 chardistribution.py:28(<module>)
       18    0.000    0.000    0.002    0.000 {method 'join' of 'bytes' objects}
        2    0.000    0.000    0.022    0.011 adapters.py:329(send)
        2    0.000    0.000    0.001    0.001 sessions.py:291(__init__)
       11    0.000    0.000    0.000    0.000 feedparser.py:75(readline)
        6    0.000    0.000    0.000    0.000 message.py:589(get_content_maintype)
       12    0.000    0.000    0.000    0.000 cookiejar.py:1204(deepvalues)
      6/3    0.000    0.000    0.000    0.000 sre_parse.py:167(getwidth)
       14    0.000    0.000    0.000    0.000 sre_parse.py:157(__getitem__)
       22    0.000    0.000    0.000    0.000 sre_parse.py:226(__next)
       10    0.000    0.000    0.000    0.000 structures.py:59(__iter__)
        3    0.000    0.000    0.001    0.000 sre_compile.py:221(_compile_charset)
        2    0.000    0.000    0.000    0.000 client.py:938(putrequest)
        6    0.000    0.000    0.001    0.000 parse.py:377(urlunparse)
        9    0.000    0.000    0.000    0.000 __init__.py:1515(isEnabledFor)
        2    0.000    0.000    0.000    0.000 response.py:97(__init__)
        4    0.000    0.000    0.001    0.000 cookies.py:116(extract_cookies_to_jar)
        2    0.000    0.000    0.002    0.001 adapters.py:206(build_response)
        2    0.000    0.000    0.054    0.027 utils.py:91(get_netrc_auth)
        2    0.000    0.000    0.000    0.000 socket.py:399(_real_close)
        6    0.000    0.000    0.000    0.000 hooks.py:17(default_hooks)
        2    0.000    0.000    0.001    0.000 connection.py:49(create_connection)
        4    0.000    0.000    0.000    0.000 cookies.py:468(merge_cookies)
        9    0.000    0.000    0.001    0.000 {method 'readline' of '_io.BufferedReader' objects}
       18    0.000    0.000    0.000    0.000 sre_parse.py:242(match)
        2    0.000    0.000    0.000    0.000 cookiejar.py:1334(add_cookie_header)
        4    0.000    0.000    0.001    0.000 utils.py:567(select_proxy)
        4    0.000    0.000    0.000    0.000 adapters.py:87(__init__)
        2    0.000    0.000    0.000    0.000 _collections.py:231(extend)
        5    0.000    0.000    0.000    0.000 _policybase.py:277(_sanitize_header)
       10    0.000    0.000    0.000    0.000 {built-in method time.time}
       16    0.000    0.000    0.000    0.000 {method 'search' of '_sre.SRE_Pattern' objects}
        2    0.000    0.000    0.003    0.001 parser.py:42(parse)
        9    0.000    0.000    0.000    0.000 {method 'extend' of 'list' objects}
        6    0.000    0.000    0.000    0.000 parse.py:388(urlunsplit)
        2    0.000    0.000    0.003    0.001 sre_compile.py:531(compile)
        2    0.000    0.000    0.009    0.004 sessions.py:612(merge_environment_settings)
        1    0.000    0.000    0.060    0.060 universaldetector.py:29(<module>)
       12    0.000    0.000    0.000    0.000 {method 'fullmatch' of '_sre.SRE_Pattern' objects}
        2    0.000    0.000    0.098    0.049 sessions.py:392(request)
        4    0.000    0.000    0.001    0.000 client.py:437(read)
        2    0.000    0.000    0.000    0.000 socket.py:208(makefile)
        4    0.000    0.000    0.002    0.001 _collections.py:86(clear)
        1    0.000    0.000    0.000    0.000 eucjpprober.py:28(<module>)
       11    0.000    0.000    0.002    0.000 models.py:723(content)
        1    0.000    0.000    0.015    0.015 sjisprober.py:28(<module>)
        2    0.000    0.000    0.006    0.003 models.py:288(prepare)
        2    0.000    0.000    0.002    0.001 poolmanager.py:76(_new_pool)
        5    0.000    0.000    0.003    0.001 re.py:278(_compile)
       10    0.000    0.000    0.000    0.000 utils.py:690(to_native_string)
        4    0.000    0.000    0.000    0.000 parse.py:145(hostname)
        2    0.000    0.000    0.005    0.003 client.py:1153(getresponse)
        4    0.000    0.000    0.000    0.000 cookiejar.py:1577(make_cookies)
        7    0.000    0.000    0.000    0.000 utils.py:51(_has_surrogates)
        2    0.000    0.000    0.001    0.001 client.py:257(_read_status)
        2    0.000    0.000    0.001    0.001 response.py:349(from_httplib)
        2    0.000    0.000    0.000    0.000 models.py:409(prepare_body)
        2    0.000    0.000    0.063    0.032 __init__.py:22(detect)
       18    0.000    0.000    0.000    0.000 {method 'pop' of 'dict' objects}
        2    0.000    0.000    0.000    0.000 connection.py:102(__init__)
       16    0.000    0.000    0.000    0.000 _collections_abc.py:631(__init__)
        2    0.000    0.000    0.000    0.000 socket.py:715(getaddrinfo)
        3    0.000    0.000    0.000    0.000 utils.py:50(super_len)
        1    0.000    0.000    0.000    0.000 euctwprober.py:28(<module>)
        8    0.000    0.000    0.000    0.000 {built-in method builtins.next}
        1    0.000    0.000    0.000    0.000 {built-in method posix.listdir}
        2    0.000    0.000    0.000    0.000 utils.py:443(requote_uri)
        4    0.000    0.000    0.000    0.000 url.py:90(split_first)
        4    0.000    0.000    0.002    0.000 response.py:323(stream)
        4    0.000    0.000    0.000    0.000 parse.py:180(_hostinfo)
        2    0.000    0.000    0.000    0.000 response.py:31(assert_header_parsing)
       14    0.000    0.000    0.000    0.000 threading.py:72(RLock)
        3    0.000    0.000    0.000    0.000 parse.py:313(_splitnetloc)
        2    0.000    0.000    0.000    0.000 connectionpool.py:202(_new_conn)
        3    0.000    0.000    0.002    0.001 client.py:869(send)
        8    0.000    0.000    0.000    0.000 response.py:215(_error_catcher)
        6    0.000    0.000    0.001    0.000 cookies.py:35(__init__)
        5    0.000    0.000    0.000    0.000 _collections.py:208(add)
        4    0.000    0.000    0.002    0.000 feedparser.py:180(_call_parse)
        2    0.000    0.000    0.000    0.000 message.py:214(get_payload)
        4    0.000    0.000    0.000    0.000 cookies.py:306(update)
        4    0.000    0.000    0.000    0.000 connectionpool.py:293(_get_timeout)
        6    0.000    0.000    0.000    0.000 sessions.py:67(<listcomp>)
        2    0.000    0.000    0.102    0.051 api.py:17(request)
        2    0.000    0.000    0.000    0.000 queue.py:27(__init__)
       16    0.000    0.000    0.000    0.000 {built-in method builtins.min}
        6    0.000    0.000    0.000    0.000 cookies.py:460(<listcomp>)
        1    0.000    0.000    0.147    0.147 ias_client.py:59(post_verify_attestation)
        6    0.000    0.000    0.000    0.000 _collections.py:43(__init__)
        7    0.000    0.000    0.000    0.000 __init__.py:1257(debug)
        4    0.000    0.000    0.000    0.000 sessions.py:657(<listcomp>)
        1    0.000    0.000    0.000    0.000 jpcntx.py:28(<module>)
       15    0.000    0.000    0.000    0.000 {method 'find' of 'bytearray' objects}
       12    0.000    0.000    0.000    0.000 {built-in method builtins.sorted}
        2    0.000    0.000    0.000    0.000 {built-in method _socket.getaddrinfo}
        4    0.000    0.000    0.000    0.000 poolmanager.py:62(__init__)
        8    0.000    0.000    0.000    0.000 sre_parse.py:153(__len__)
       14    0.000    0.000    0.000    0.000 {method 'values' of 'dict' objects}
        8    0.000    0.000    0.000    0.000 cookiejar.py:873(__init__)
       11    0.000    0.000    0.000    0.000 {method 'match' of '_sre.SRE_Pattern' objects}
        4    0.000    0.000    0.000    0.000 response.py:176(_init_decoder)
        4    0.000    0.000    0.000    0.000 six.py:583(itervalues)
        6    0.000    0.000    0.000    0.000 {method '_checkReadable' of '_io._IOBase' objects}
        4    0.000    0.000    0.000    0.000 url.py:17(__new__)
        2    0.000    0.000    0.000    0.000 feedparser.py:98(push)
        1    0.000    0.000    0.000    0.000 sbcharsetprober.py:29(<module>)
        2    0.000    0.000    0.000    0.000 feedparser.py:199(_new_message)
        2    0.000    0.000    0.001    0.000 models.py:74(_encode_params)
       14    0.000    0.000    0.000    0.000 {method 'keys' of 'dict' objects}
        4    0.000    0.000    0.001    0.000 client.py:469(readinto)
       12    0.000    0.000    0.000    0.000 cookiejar.py:1732(__iter__)
        2    0.000    0.000    0.001    0.001 sre_parse.py:819(parse)
        5    0.000    0.000    0.000    0.000 _policybase.py:307(header_fetch_parse)
        6    0.000    0.000    0.000    0.000 threading.py:213(__init__)
        2    0.000    0.000    0.000    0.000 parse.py:731(quote_from_bytes)
        9    0.000    0.000    0.000    0.000 __init__.py:1501(getEffectiveLevel)
        2    0.000    0.000    0.000    0.000 socket.py:129(__init__)
        2    0.000    0.000    0.002    0.001 client.py:924(_send_output)
        2    0.000    0.000    0.000    0.000 cookiejar.py:1713(clear_expired_cookies)
       14    0.000    0.000    0.000    0.000 {method 'setdefault' of 'dict' objects}
        1    0.000    0.000    0.000    0.000 big5freq.py:43(<module>)
       12    0.000    0.000    0.000    0.000 hooks.py:18(<genexpr>)
        2    0.000    0.000    0.000    0.000 models.py:538(__init__)
        4    0.000    0.000    0.000    0.000 {built-in method utcnow}
        2    0.000    0.000    0.003    0.002 adapters.py:242(get_connection)
        4    0.000    0.000    0.000    0.000 feedparser.py:122(pushlines)
        4    0.000    0.000    0.000    0.000 {method 'readinto' of '_io.BufferedReader' objects}
        4    0.000    0.000    0.000    0.000 enum.py:215(__call__)
        1    0.000    0.000    0.000    0.000 big5prober.py:28(<module>)
        6    0.000    0.000    0.000    0.000 sre_parse.py:276(tell)
        2    0.000    0.000    0.001    0.000 feedparser.py:186(close)
        1    0.000    0.000    0.002    0.002 shlex.py:1(<module>)
        4    0.000    0.000    0.002    0.000 models.py:656(generate)
        8    0.000    0.000    0.000    0.000 message.py:607(get_default_type)
        2    0.000    0.000    0.000    0.000 client.py:227(__init__)
        5    0.000    0.000    0.000    0.000 message.py:480(set_raw)
       11    0.000    0.000    0.000    0.000 {method 'upper' of 'str' objects}
        2    0.000    0.000    0.000    0.000 sessions.py:636(get_adapter)
        4    0.000    0.000    0.000    0.000 socket.py:87(_intenum_converter)
        4    0.000    0.000    0.000    0.000 timeout.py:156(clone)
        1    0.000    0.000    0.001    0.001 escprober.py:28(<module>)
        1    0.000    0.000    0.003    0.003 latin1prober.py:29(<module>)
        2    0.000    0.000    0.000    0.000 models.py:209(__init__)
       12    0.000    0.000    0.000    0.000 {built-in method builtins.ord}
        2    0.000    0.000    0.000    0.000 message.py:460(<listcomp>)
        6    0.000    0.000    0.000    0.000 sre_parse.py:165(append)
        4    0.000    0.000    0.000    0.000 _collections.py:50(__getitem__)
        2    0.000    0.000    0.063    0.032 models.py:747(text)
        2    0.000    0.000    0.002    0.001 poolmanager.py:102(connection_from_host)
        2    0.000    0.000    0.002    0.001 universaldetector.py:45(__init__)
        2    0.000    0.000    0.001    0.000 cookies.py:133(get_cookie_header)
        6    0.000    0.000    0.000    0.000 sre_parse.py:75(groups)
        5    0.000    0.000    0.003    0.001 re.py:222(compile)
        8    0.000    0.000    0.000    0.000 socket.py:600(readable)
        4    0.000    0.000    0.000    0.000 contextlib.py:131(helper)
        1    0.000    0.000    0.003    0.003 utf8prober.py:28(<module>)
        4    0.000    0.000    0.000    0.000 adapters.py:121(init_poolmanager)
        2    0.000    0.000    0.002    0.001 sessions.py:646(close)
        1    0.000    0.000    0.000    0.000 <frozen importlib._bootstrap_external>:1260(_fill_cache)
        2    0.000    0.000    0.000    0.000 utils.py:677(get_auth_from_url)
        2    0.000    0.000    0.000    0.000 universaldetector.py:64(feed)
        2    0.000    0.000    0.002    0.001 feedparser.py:175(feed)
        2    0.000    0.000    0.000    0.000 sre_compile.py:374(_mk_bitmap)
        2    0.000    0.000    0.001    0.000 utils.py:585(default_headers)
        4    0.000    0.000    0.000    0.000 sessions.py:651(mount)
        2    0.000    0.000    0.003    0.001 models.py:401(prepare_headers)
        1    0.000    0.000    0.147    0.147 cprof_ias_client.py:11(do_post_verify_attestation)
        7    0.000    0.000    0.000    0.000 _collections.py:180(__iter__)
        2    0.000    0.000    0.000    0.000 feedparser.py:139(__init__)
        4    0.000    0.000    0.000    0.000 contextlib.py:37(__init__)
        6    0.000    0.000    0.000    0.000 response.py:7(is_fp_closed)
        2    0.000    0.000    0.000    0.000 feedparser.py:69(close)
        4    0.000    0.000    0.000    0.000 contextlib.py:57(__enter__)
        4    0.000    0.000    0.000    0.000 contextlib.py:63(__exit__)
        1    0.000    0.000    0.000    0.000 models.py:785(json)
        2    0.000    0.000    0.004    0.002 utils.py:513(should_bypass_proxies)
        4    0.000    0.000    0.002    0.001 adapters.py:264(close)
        2    0.000    0.000    0.000    0.000 client.py:370(_check_close)
        4    0.000    0.000    0.000    0.000 genericpath.py:16(exists)
        2    0.000    0.000    0.000    0.000 utils.py:421(unquote_unreserved)
        2    0.000    0.000    0.001    0.000 connectionpool.py:215(_get_conn)
        1    0.000    0.000    0.020    0.020 ias_client.py:38(get_signature_revocation_lists)
        2    0.000    0.000    0.001    0.000 adapters.py:272(request_url)
        2    0.000    0.000    0.001    0.001 sre_compile.py:516(_code)
        2    0.000    0.000    0.000    0.000 utils.py:517(<lambda>)
        2    0.000    0.000    0.000    0.000 client.py:749(__init__)
        2    0.000    0.000    0.000    0.000 _collections.py:135(__init__)
        2    0.000    0.000    0.000    0.000 parse.py:753(urlencode)
        4    0.000    0.000    0.002    0.001 poolmanager.py:93(clear)
        7    0.000    0.000    0.000    0.000 {method 'popleft' of 'collections.deque' objects}
        1    0.000    0.000    0.000    0.000 decoder.py:334(decode)
        2    0.000    0.000    0.000    0.000 parse.py:670(quote)
        2    0.000    0.000    0.000    0.000 sre_parse.py:217(__init__)
        2    0.000    0.000    0.000    0.000 models.py:162(register_hook)
        6    0.000    0.000    0.000    0.000 {method '_checkClosed' of '_io._IOBase' objects}
        8    0.000    0.000    0.000    0.000 cookies.py:109(info)
        1    0.000    0.000    0.000    0.000 cp949prober.py:28(<module>)
        4    0.000    0.000    0.000    0.000 sre_compile.py:513(isstring)
        2    0.000    0.000    0.000    0.000 connection.py:150(_prepare_conn)
        2    0.000    0.000    0.000    0.000 models.py:53(path_url)
        8    0.000    0.000    0.000    0.000 {method 'acquire' of '_thread.RLock' objects}
        4    0.000    0.000    0.000    0.000 structures.py:62(__len__)
        2    0.000    0.000    0.001    0.001 connection.py:161(connect)
        1    0.000    0.000    0.000    0.000 gb2312prober.py:28(<module>)
        2    0.000    0.000    0.001    0.000 connection.py:123(_new_conn)
        1    0.000    0.000    0.000    0.000 euckrprober.py:28(<module>)
        8    0.000    0.000    0.000    0.000 <frozen importlib._bootstrap_external>:1184(<genexpr>)
        1    0.000    0.000    0.000    0.000 hebrewprober.py:28(<module>)
        4    0.000    0.000    0.000    0.000 posixpath.py:39(_get_sep)
        2    0.000    0.000    0.000    0.000 message.py:452(items)
        2    0.000    0.000    0.003    0.001 poolmanager.py:130(connection_from_url)
        8    0.000    0.000    0.000    0.000 {method 'release' of '_thread.RLock' objects}
        4    0.000    0.000    0.000    0.000 feedparser.py:125(__iter__)
        2    0.000    0.000    0.000    0.000 message.py:304(set_payload)
        2    0.000    0.000    0.003    0.001 structures.py:82(copy)
        8    0.000    0.000    0.000    0.000 {method 'items' of 'collections.OrderedDict' objects}
        8    0.000    0.000    0.000    0.000 {method 'partition' of 'str' objects}
        2    0.000    0.000    0.001    0.000 models.py:498(prepare_cookies)
        2    0.000    0.000    0.000    0.000 _collections.py:57(__setitem__)
        6    0.000    0.000    0.000    0.000 timeout.py:195(connect_timeout)
        4    0.000    0.000    0.000    0.000 client.py:855(close)
        1    0.000    0.000    0.028    0.028 netrc.py:1(<module>)
        2    0.000    0.000    0.000    0.000 models.py:318(prepare_method)
        2    0.000    0.000    0.000    0.000 parse.py:137(username)
        1    0.000    0.000    0.000    0.000 mbcssm.py:28(<module>)
        2    0.000    0.000    0.063    0.032 models.py:640(apparent_encoding)
        6    0.000    0.000    0.000    0.000 {method 'strip' of 'str' objects}
        2    0.000    0.000    0.000    0.000 connection.py:96(_set_socket_options)
        4    0.000    0.000    0.000    0.000 retry.py:113(__init__)
        4    0.000    0.000    0.000    0.000 message.py:121(__init__)
        1    0.000    0.000    0.020    0.020 cprof_ias_client.py:17(do_get_signature_revocation_lists)
        4    0.000    0.000    0.000    0.000 socket.py:403(close)
        6    0.000    0.000    0.000    0.000 request.py:44(__init__)
        2    0.000    0.000    0.000    0.000 models.py:464(prepare_content_length)
        2    0.000    0.000    0.003    0.001 parser.py:60(parsestr)
        2    0.000    0.000    0.008    0.004 utils.py:560(get_environ_proxies)
        2    0.000    0.000    0.000    0.000 adapters.py:164(cert_verify)
      2/1    0.000    0.000    0.061    0.061 {built-in method builtins.__import__}
        2    0.000    0.000    0.000    0.000 models.py:273(__init__)
        4    0.000    0.000    0.000    0.000 {method 'settimeout' of '_socket.socket' objects}
        4    0.000    0.000    0.000    0.000 enum.py:459(__new__)
        2    0.000    0.000    0.000    0.000 models.py:476(prepare_auth)
        4    0.000    0.000    0.000    0.000 response.py:131(<genexpr>)
        6    0.000    0.000    0.000    0.000 {method 'values' of 'collections.OrderedDict' objects}
        2    0.000    0.000    0.005    0.002 client.py:1104(request)
        2    0.000    0.000    0.000    0.000 socket.py:638(close)
        6    0.000    0.000    0.000    0.000 cookiejar.py:46(_debug)
        1    0.000    0.000    0.000    0.000 <frozen importlib._bootstrap_external>:1047(_path_hooks)
        2    0.000    0.000    0.000    0.000 client.py:405(close)
        1    0.000    0.000    0.000    0.000 charsetgroupprober.py:28(<module>)
        1    0.000    0.000    0.000    0.000 mbcharsetprober.py:30(<module>)
        1    0.000    0.000    0.000    0.000 encoder.py:203(iterencode)
        4    0.000    0.000    0.000    0.000 universaldetector.py:52(reset)
        2    0.000    0.000    0.000    0.000 {method 'close' of '_io.BufferedReader' objects}
        2    0.000    0.000    0.002    0.001 client.py:1089(endheaders)
        4    0.000    0.000    0.000    0.000 _weakrefset.py:36(__init__)
        1    0.000    0.000    0.000    0.000 escsm.py:28(<module>)
        2    0.000    0.000    0.000    0.000 cookiejar.py:1275(_cookie_attrs)
        5    0.000    0.000    0.000    0.000 {method 'lstrip' of 'str' objects}
        2    0.000    0.000    0.000    0.000 {function HTTPResponse.close at 0x7f80b7c03598}
        5    0.000    0.000    0.000    0.000 sre_parse.py:105(__init__)
        2    0.000    0.000    0.000    0.000 client.py:417(flush)
        1    0.000    0.000    0.000    0.000 encoder.py:181(encode)
        1    0.000    0.000    0.020    0.020 api.py:56(get)
        1    0.000    0.000    0.000    0.000 codingstatemachine.py:28(<module>)
        5    0.000    0.000    0.000    0.000 {built-in method builtins.max}
        4    0.000    0.000    0.000    0.000 cookies.py:102(__init__)
        1    0.000    0.000    0.000    0.000 <frozen importlib._bootstrap_external>:1178(__init__)
        2    0.000    0.000    0.000    0.000 client.py:400(_close_conn)
        2    0.000    0.000    0.000    0.000 __init__.py:1269(info)
        4    0.000    0.000    0.000    0.000 {method 'split' of 'bytes' objects}
        2    0.000    0.000    0.000    0.000 timeout.py:14(current_time)
        2    0.000    0.000    0.000    0.000 timeout.py:171(start_connect)
        2    0.000    0.000    0.000    0.000 sessions.py:91(resolve_redirects)
        4    0.000    0.000    0.000    0.000 {method 'extend' of 'collections.deque' objects}
        2    0.000    0.000    0.000    0.000 response.py:152(release_conn)
        2    0.000    0.000    0.004    0.002 request.py:2430(proxy_bypass_environment)
        2    0.000    0.000    0.000    0.000 retry.py:193(is_forced_retry)
        2    0.000    0.000    0.000    0.000 models.py:628(is_redirect)
        2    0.000    0.000    0.000    0.000 connectionpool.py:68(__init__)
        2    0.000    0.000    0.000    0.000 socket.py:393(_decref_socketios)
        2    0.000    0.000    0.000    0.000 feedparser.py:209(_pop_message)
        2    0.000    0.000    0.000    0.000 sessions.py:597(<listcomp>)
        4    0.000    0.000    0.000    0.000 {method 'read' of '_io.StringIO' objects}
        1    0.000    0.000    0.000    0.000 __init__.py:271(loads)
        4    0.000    0.000    0.000    0.000 adapters.py:48(__init__)
        2    0.000    0.000    0.000    0.000 timeout.py:140(from_float)
        2    0.000    0.000    0.000    0.000 utils.py:334(get_encoding_from_headers)
        4    0.000    0.000    0.000    0.000 {method 'splitlines' of 'str' objects}
        1    0.000    0.000    0.000    0.000 sre_parse.py:78(opengroup)
        1    0.000    0.000    0.082    0.082 api.py:96(post)
        2    0.000    0.000    0.002    0.001 poolmanager.py:66(<lambda>)
        2    0.000    0.000    0.000    0.000 models.py:518(prepare_hooks)
        4    0.000    0.000    0.000    0.000 {method 'update' of 'collections.OrderedDict' objects}
        2    0.000    0.000    0.000    0.000 cookiejar.py:1268(_cookies_for_request)
        2    0.000    0.000    0.000    0.000 hooks.py:23(dispatch_hook)
        2    0.000    0.000    0.000    0.000 message.py:182(is_multipart)
        1    0.000    0.000    0.000    0.000 charsetprober.py:29(<module>)
        4    0.000    0.000    0.000    0.000 {method 'clear' of 'collections.OrderedDict' objects}
        2    0.000    0.000    0.000    0.000 sre_parse.py:797(fix_flags)
        4    0.000    0.000    0.000    0.000 client.py:427(isclosed)
        2    0.000    0.000    0.000    0.000 connectionpool.py:253(_put_conn)
        2    0.000    0.000    0.000    0.000 sessions.py:74(merge_hooks)
        2    0.000    0.000    0.002    0.001 sessions.py:349(__exit__)
        4    0.000    0.000    0.000    0.000 {method 'pop' of 'collections.OrderedDict' objects}
        4    0.000    0.000    0.000    0.000 {built-in method builtins.iter}
        2    0.000    0.000    0.000    0.000 parse.py:168(_userinfo)
        2    0.000    0.000    0.000    0.000 socket.py:549(__init__)
        2    0.000    0.000    0.000    0.000 response.py:390(closed)
        2    0.000    0.000    0.000    0.000 sre_compile.py:376(<listcomp>)
        1    0.000    0.000    0.000    0.000 utils.py:634(guess_json_utf)
        4    0.000    0.000    0.000    0.000 {method 'tobytes' of 'memoryview' objects}
        2    0.000    0.000    0.000    0.000 feedparser.py:148(<lambda>)
        4    0.000    0.000    0.000    0.000 {method 'isdigit' of 'str' objects}
        2    0.000    0.000    0.000    0.000 parse.py:252(geturl)
        2    0.000    0.000    0.000    0.000 {method 'setsockopt' of '_socket.socket' objects}
        2    0.000    0.000    0.000    0.000 _collections_abc.py:634(__len__)
        2    0.000    0.000    0.000    0.000 feedparser.py:53(__init__)
        1    0.000    0.000    0.000    0.000 <frozen importlib._bootstrap_external>:1301(path_hook_for_FileFinder)
        1    0.000    0.000    0.000    0.000 sre_parse.py:312(_class_escape)
        2    0.000    0.000    0.000    0.000 {built-in method fromkeys}
        1    0.000    0.000    0.000    0.000 hebrewprober.py:155(HebrewProber)
        2    0.000    0.000    0.000    0.000 sre_parse.py:70(__init__)
        2    0.000    0.000    0.000    0.000 parse.py:527(unquote)
        2    0.000    0.000    0.000    0.000 timeout.py:213(read_timeout)
        3    0.000    0.000    0.000    0.000 _collections_abc.py:343(<genexpr>)
        2    0.000    0.000    0.000    0.000 {built-in method _sre.compile}
        1    0.000    0.000    0.000    0.000 client.py:149(_encode)
        2    0.000    0.000    0.000    0.000 {built-in method _imp.is_builtin}
        2    0.000    0.000    0.000    0.000 utils.py:580(default_user_agent)
        2    0.000    0.000    0.000    0.000 parser.py:18(__init__)
        2    0.000    0.000    0.000    0.000 client.py:792(_get_hostport)
        1    0.000    0.000    0.000    0.000 decoder.py:345(raw_decode)
        2    0.000    0.000    0.000    0.000 {method 'sort' of 'list' objects}
        1    0.000    0.000    0.000    0.000 __init__.py:182(dumps)
        2    0.000    0.000    0.000    0.000 {method 'copy' of 'dict' objects}
        2    0.000    0.000    0.000    0.000 response.py:186(_decode)
        2    0.000    0.000    0.000    0.000 connectionpool.py:283(_validate_conn)
        1    0.000    0.000    0.000    0.000 _collections_abc.py:340(__subclasshook__)
        2    0.000    0.000    0.000    0.000 {method 'update' of 'dict' objects}
        2    0.000    0.000    0.000    0.000 models.py:645(iter_content)
        1    0.000    0.000    0.000    0.000 codingstatemachine.py:32(CodingStateMachine)
        2    0.000    0.000    0.000    0.000 {method 'rstrip' of 'bytes' objects}
        2    0.000    0.000    0.000    0.000 {method 'translate' of 'bytearray' objects}
        2    0.000    0.000    0.000    0.000 utils.py:372(iter_slices)
        1    0.000    0.000    0.000    0.000 compat.py:21(<module>)
        1    0.000    0.000    0.000    0.000 mbcsgroupprober.py:41(MBCSGroupProber)
        1    0.000    0.000    0.000    0.000 langcyrillicmodel.py:31(<module>)
        2    0.000    0.000    0.000    0.000 {built-in method builtins.all}
        1    0.000    0.000    0.000    0.000 sre_parse.py:278(seek)
        2    0.000    0.000    0.000    0.000 {function HTTPResponse.flush at 0x7f80b7c03620}
        1    0.000    0.000    0.000    0.000 sbcharsetprober.py:44(SingleByteCharSetProber)
        1    0.000    0.000    0.000    0.000 <frozen importlib._bootstrap_external>:92(_path_isdir)
        2    0.000    0.000    0.000    0.000 queue.py:236(_init)
        2    0.000    0.000    0.000    0.000 universaldetector.py:134(close)
        1    0.000    0.000    0.000    0.000 shlex.py:18(shlex)
        2    0.000    0.000    0.000    0.000 cookies.py:79(get_new_headers)
        1    0.000    0.000    0.000    0.000 client.py:1108(_set_content_length)
        1    0.000    0.000    0.000    0.000 euctwprober.py:33(EUCTWProber)
        1    0.000    0.000    0.000    0.000 sre_parse.py:90(closegroup)
        2    0.000    0.000    0.000    0.000 {method 'end' of '_sre.SRE_Match' objects}
        1    0.000    0.000    0.000    0.000 eucjpprober.py:37(EUCJPProber)
        2    0.000    0.000    0.000    0.000 models.py:171(<genexpr>)
        1    0.000    0.000    0.000    0.000 chardistribution.py:130(EUCKRDistributionAnalysis)
        1    0.000    0.000    0.000    0.000 sjisprober.py:37(SJISProber)
        1    0.000    0.000    0.000    0.000 netrc.py:22(netrc)
        1    0.000    0.000    0.000    0.000 langgreekmodel.py:35(<module>)
        2    0.000    0.000    0.000    0.000 sessions.py:346(__enter__)
        2    0.000    0.000    0.000    0.000 adapters.py:294(add_headers)
        1    0.000    0.000    0.000    0.000 netrc.py:10(NetrcParseError)
        1    0.000    0.000    0.000    0.000 charsetprober.py:33(CharSetProber)
        1    0.000    0.000    0.000    0.000 universaldetector.py:44(UniversalDetector)
        1    0.000    0.000    0.000    0.000 chardistribution.py:46(CharDistributionAnalysis)
        1    0.000    0.000    0.000    0.000 langhungarianmodel.py:35(<module>)
        1    0.000    0.000    0.000    0.000 big5prober.py:34(Big5Prober)
        1    0.000    0.000    0.000    0.000 mbcharsetprober.py:35(MultiByteCharSetProber)
        1    0.000    0.000    0.000    0.000 jpcntx.py:123(JapaneseContextAnalysis)
        1    0.000    0.000    0.000    0.000 langbulgarianmodel.py:38(<module>)
        1    0.000    0.000    0.000    0.000 latin1prober.py:97(Latin1Prober)
        1    0.000    0.000    0.000    0.000 gb2312prober.py:33(GB2312Prober)
        1    0.000    0.000    0.000    0.000 langthaimodel.py:37(<module>)
        1    0.000    0.000    0.000    0.000 utf8prober.py:36(UTF8Prober)
        1    0.000    0.000    0.000    0.000 chardistribution.py:168(Big5DistributionAnalysis)
        1    0.000    0.000    0.000    0.000 charsetgroupprober.py:33(CharSetGroupProber)
        1    0.000    0.000    0.000    0.000 chardistribution.py:111(EUCTWDistributionAnalysis)
        1    0.000    0.000    0.000    0.000 jpcntx.py:206(EUCJPContextAnalysis)
        1    0.000    0.000    0.000    0.000 jpcntx.py:179(SJISContextAnalysis)
        1    0.000    0.000    0.000    0.000 euckrprober.py:34(EUCKRProber)
        1    0.000    0.000    0.000    0.000 langhebrewmodel.py:38(<module>)
        1    0.000    0.000    0.000    0.000 constants.py:29(<module>)
        1    0.000    0.000    0.000    0.000 escprober.py:36(EscCharSetProber)
        1    0.000    0.000    0.000    0.000 cp949prober.py:34(CP949Prober)
        1    0.000    0.000    0.000    0.000 chardistribution.py:190(SJISDistributionAnalysis)
        1    0.000    0.000    0.000    0.000 jisfreq.py:44(<module>)
        1    0.000    0.000    0.000    0.000 euckrfreq.py:41(<module>)
        1    0.000    0.000    0.000    0.000 sbcsgroupprober.py:42(SBCSGroupProber)
        1    0.000    0.000    0.000    0.000 {method 'disable' of '_lsprof.Profiler' objects}
        1    0.000    0.000    0.000    0.000 chardistribution.py:215(EUCJPDistributionAnalysis)
        1    0.000    0.000    0.000    0.000 gb2312freq.py:42(<module>)
        1    0.000    0.000    0.000    0.000 chardistribution.py:149(GB2312DistributionAnalysis)
        1    0.000    0.000    0.000    0.000 euctwfreq.py:44(<module>)
        1    0.000    0.000    0.000    0.000 {method 'count' of 'bytes' objects}