Arguments: 
  /Users/thanhtu/.nvm/versions/node/v9.2.0/bin/node /Users/thanhtu/.yarn/bin/yarn.js startA

PATH: 
  /Users/thanhtu/.cargo/bin:/Users/thanhtu/.npm-packages/bin:/Users/thanhtu/.cargo/bin:/Users/thanhtu/.rvm/gems/ruby-2.4.0/bin:/Users/thanhtu/.rvm/gems/ruby-2.4.0@global/bin:/Users/thanhtu/.rvm/rubies/ruby-2.4.0/bin:/opt/local/bin:/opt/local/sbin:/Users/thanhtu/perl5/perlbrew/bin:/Users/thanhtu/.yarn/bin:/Users/thanhtu/.nvm/versions/node/v9.2.0/bin:/Users/thanhtu/Library/Android/sdk/tools:/Users/thanhtu/Library/Android/sdk/platform-tools:/Applications/android-ndk:/Users/thanhtu/MyProjects/Nodejs/reactjs/Clingme/scala-2.9.1:/opt/local/bin:/opt/local/sbin:/Users/thanhtu/.rbenv/shims:/opt/local/bin:/opt/local/sbin:/Users/thanhtu/.rbenv/bin:/usr/local/bin:/usr/local/bin:/usr/bin:/bin:/usr/sbin:/sbin:/usr/local/go/bin:/opt/X11/bin:/Library/Frameworks/Mono.framework/Versions/Current/Commands:/Users/thanhtu/MyProjects/Nodejs/reactjs/Clingme/play-2.0.4:/Users/thanhtu/go-workspace/bin:/usr/local/opt/go/libexec/bin:/Users/thanhtu/.rvm/bin:/Applications/spark-2.3.0-bin-hadoop2.7/bin:/Users/thanhtu/.rvm/bin

Yarn version: 
  1.5.1

Node version: 
  9.2.0

Platform: 
  darwin x64

npm manifest: 
  {
    "name": "sawtooth-kubernetes",
    "version": "0.1.0",
    "repository": {
      "type": "git",
      "url": "https://github.com/agiletechvn/sawtooth-caliper.git"
    },
    "scripts": {
      "startA":
        "kubectl --context=federation-cluster apply -f sawtooth-rest-api.yaml -f sawtooth-validator-envA.yaml",
      "startB":
        "kubectl apply -f sawtooth-rest-api.yaml -f sawtooth-validator-envB.yaml",
      "stopA":
        "kubectl delete -f sawtooth-rest-api.yaml -f sawtooth-validator-envA.yaml",
      "stopB":
        "kubectl delete -f sawtooth-rest-api.yaml -f sawtooth-validator-envB.yaml"
    },
    "engines": {
      "node": ">=8.0.0",
      "npm": ">=2.15.9"
    },
    "license": "Apache-2.0"
  }

yarn manifest: 
  No manifest

Lockfile: 
  No lockfile

Trace: 
  Error: Command failed.
  Exit code: 1
  Command: sh
  Arguments: -c kubectl --context=federation-cluster apply -f sawtooth-rest-api.yaml -f sawtooth-validator-envA.yaml
  Directory: /Users/thanhtu/MyProjects/Hyperledger/SawTooth/sawtooth-kubernetes
  Output:
  
      at ProcessTermError.MessageError (/Users/thanhtu/.yarn/lib/cli.js:186:110)
      at new ProcessTermError (/Users/thanhtu/.yarn/lib/cli.js:226:113)
      at ChildProcess.<anonymous> (/Users/thanhtu/.yarn/lib/cli.js:30281:17)
      at ChildProcess.emit (events.js:159:13)
      at maybeClose (internal/child_process.js:943:16)
      at Process.ChildProcess._handle.onexit (internal/child_process.js:220:5)
